<?xml version="1.0" ?>
<coverage branch-rate="0" branches-covered="0" branches-valid="0" complexity="0" line-rate="0.9667" lines-covered="58" lines-valid="60" timestamp="1507954495608" version="4.4.1">
	<!-- Generated by coverage.py: https://coverage.readthedocs.io -->
	<!-- Based on https://raw.githubusercontent.com/cobertura/web/master/htdocs/xml/coverage-04.dtd -->
	<sources>
		<source>/Users/MarkHoffmann/Desktop/icd</source>
	</sources>
	<packages>
		<package branch-rate="0" complexity="0" line-rate="0.9667" name="icd">
			<classes>
				<class branch-rate="0" complexity="0" filename="icd/__init__.py" line-rate="1" name="__init__.py">
					<methods/>
					<lines>
						<line hits="1" number="2"/>
						<line hits="1" number="3"/>
						<line hits="1" number="6"/>
						<line hits="1" number="7"/>
						<line hits="1" number="8"/>
					</lines>
				</class>
				<class branch-rate="0" complexity="0" filename="icd/icd_to_comorbidities.py" line-rate="0.96" name="icd_to_comorbidities.py">
					<methods/>
					<lines>
						<line hits="1" number="1"/>
						<line hits="1" number="2"/>
						<line hits="1" number="3"/>
						<line hits="1" number="4"/>
						<line hits="1" number="6"/>
						<line hits="1" number="22"/>
						<line hits="1" number="24"/>
						<line hits="1" number="25"/>
						<line hits="1" number="27"/>
						<line hits="1" number="28"/>
						<line hits="1" number="29"/>
						<line hits="1" number="30"/>
						<line hits="1" number="32"/>
						<line hits="1" number="33"/>
						<line hits="1" number="34"/>
						<line hits="0" number="36"/>
						<line hits="1" number="39"/>
						<line hits="1" number="40"/>
						<line hits="1" number="42"/>
						<line hits="1" number="45"/>
						<line hits="1" number="48"/>
						<line hits="1" number="51"/>
						<line hits="1" number="54"/>
						<line hits="1" number="56"/>
						<line hits="1" number="58"/>
					</lines>
				</class>
				<class branch-rate="0" complexity="0" filename="icd/long_to_short_transformation.py" line-rate="0.9667" name="long_to_short_transformation.py">
					<methods/>
					<lines>
						<line hits="1" number="1"/>
						<line hits="1" number="2"/>
						<line hits="1" number="4"/>
						<line hits="1" number="20"/>
						<line hits="1" number="21"/>
						<line hits="1" number="22"/>
						<line hits="1" number="23"/>
						<line hits="1" number="24"/>
						<line hits="1" number="25"/>
						<line hits="1" number="29"/>
						<line hits="1" number="31"/>
						<line hits="1" number="34"/>
						<line hits="1" number="36"/>
						<line hits="1" number="37"/>
						<line hits="1" number="39"/>
						<line hits="1" number="41"/>
						<line hits="1" number="44"/>
						<line hits="1" number="45"/>
						<line hits="1" number="46"/>
						<line hits="1" number="49"/>
						<line hits="1" number="52"/>
						<line hits="0" number="53"/>
						<line hits="1" number="55"/>
						<line hits="1" number="62"/>
						<line hits="1" number="63"/>
						<line hits="1" number="66"/>
						<line hits="1" number="69"/>
						<line hits="1" number="70"/>
						<line hits="1" number="71"/>
						<line hits="1" number="72"/>
					</lines>
				</class>
			</classes>
		</package>
	</packages>
</coverage>
